Build started 8/4/2015 1:22:18 PM.
     1>Project "C:\Users\Ali\Desktop\c++\TruthTableCSISProject\TruthTableCSISProject\TruthTableCSISProject.vcxproj" on node 2 (Build target(s)).
     1>ClCompile:
         C:\Program Files (x86)\Microsoft Visual Studio 11.0\VC\bin\CL.exe /c /ZI /nologo /W3 /WX- /Od /Oy- /D WIN32 /D _DEBUG /D _CONSOLE /D _UNICODE /D UNICODE /Gm /EHsc /RTC1 /MDd /GS /fp:precise /Zc:wchar_t /Zc:forScope /Fo"Debug\\" /Fd"Debug\vc110.pdb" /Gd /TP /analyze- /errorReport:prompt BooleanTreecpp.cpp nodeStack.cpp ProcessExpression.cpp tableMain.cpp TreeNode.cpp truthVariable.cpp
         truthVariable.cpp
         TreeNode.cpp
         tableMain.cpp
     1>c:\users\ali\desktop\c++\truthtablecsisproject\truthtablecsisproject\tablemain.cpp(16): warning C4305: 'initializing' : truncation from 'int' to 'char'
     1>c:\users\ali\desktop\c++\truthtablecsisproject\truthtablecsisproject\tablemain.cpp(16): warning C4309: 'initializing' : truncation of constant value
     1>c:\users\ali\desktop\c++\truthtablecsisproject\truthtablecsisproject\tablemain.cpp(21): warning C4305: 'initializing' : truncation from 'int' to 'char'
     1>c:\users\ali\desktop\c++\truthtablecsisproject\truthtablecsisproject\tablemain.cpp(21): warning C4309: 'initializing' : truncation of constant value
         ProcessExpression.cpp
     1>c:\users\ali\desktop\c++\truthtablecsisproject\truthtablecsisproject\processexpression.cpp(70): warning C4244: '=' : conversion from 'double' to 'int', possible loss of data
     1>c:\users\ali\desktop\c++\truthtablecsisproject\truthtablecsisproject\processexpression.cpp(113): warning C4018: '<' : signed/unsigned mismatch
     1>c:\users\ali\desktop\c++\truthtablecsisproject\truthtablecsisproject\processexpression.cpp(121): warning C4554: '&' : check operator precedence for possible error; use parentheses to clarify precedence
         nodeStack.cpp
         BooleanTreecpp.cpp
         Generating Code...
       Link:
         C:\Program Files (x86)\Microsoft Visual Studio 11.0\VC\bin\link.exe /ERRORREPORT:PROMPT /OUT:"C:\Users\Ali\Desktop\c++\TruthTableCSISProject\Debug\TruthTableCSISProject.exe" /INCREMENTAL /NOLOGO kernel32.lib user32.lib gdi32.lib winspool.lib comdlg32.lib advapi32.lib shell32.lib ole32.lib oleaut32.lib uuid.lib odbc32.lib odbccp32.lib /MANIFEST /MANIFESTUAC:"level='asInvoker' uiAccess='false'" /manifest:embed /DEBUG /PDB:"C:\Users\Ali\Desktop\c++\TruthTableCSISProject\Debug\TruthTableCSISProject.pdb" /SUBSYSTEM:CONSOLE /TLBID:1 /DYNAMICBASE /NXCOMPAT /IMPLIB:"C:\Users\Ali\Desktop\c++\TruthTableCSISProject\Debug\TruthTableCSISProject.lib" /MACHINE:X86 Debug\BooleanTreecpp.obj
         Debug\nodeStack.obj
         Debug\ProcessExpression.obj
         Debug\tableMain.obj
         Debug\TreeNode.obj
         Debug\truthVariable.obj
         LINK : C:\Users\Ali\Desktop\c++\TruthTableCSISProject\Debug\TruthTableCSISProject.exe not found or not built by the last incremental link; performing full link
         TruthTableCSISProject.vcxproj -> C:\Users\Ali\Desktop\c++\TruthTableCSISProject\Debug\TruthTableCSISProject.exe
     1>Done Building Project "C:\Users\Ali\Desktop\c++\TruthTableCSISProject\TruthTableCSISProject\TruthTableCSISProject.vcxproj" (Build target(s)).

Build succeeded.

Time Elapsed 00:00:03.89
